<?xml version="1.0" encoding="UTF-8"?>
<!-- Generated by org.testng.reporters.JUnitReportReporter -->
<testsuite skipped="0" hostname="DESKTOP-OPKH1DL" name="com.qa.test.FlightTest" tests="2" failures="0" timestamp="29 Apr 2021 03:26:12 GMT" time="3.028" errors="0">
  <testcase name="login" time="1.528" classname="com.qa.test.FlightTest"/>
  <testcase name="verifyFlightBook" time="1.500" classname="com.qa.test.FlightTest"/>
</testsuite> <!-- com.qa.test.FlightTest -->
