<?xml version="1.0" encoding="UTF-8"?>
<!-- Generated by org.testng.reporters.JUnitReportReporter -->
<testsuite skipped="0" hostname="DESKTOP-OPKH1DL" name="com.qa.test.LoginTest" tests="3" failures="0" timestamp="03 May 2021 02:44:45 GMT" time="16.382" errors="0">
  <testcase name="verifyLogin" time="5.409" classname="com.qa.test.LoginTest"/>
  <testcase name="verifyLogin" time="5.686" classname="com.qa.test.LoginTest"/>
  <testcase name="verifyLogin" time="5.287" classname="com.qa.test.LoginTest"/>
</testsuite> <!-- com.qa.test.LoginTest -->
